C51 COMPILER V9.56.0.0   PCA                                                               07/20/2018 15:28:22 PAGE 1   


C51 COMPILER V9.56.0.0, COMPILATION OF MODULE PCA
OBJECT MODULE PLACED IN pca.OBJ
COMPILER INVOKED BY: C:\Keil_v5\C51\BIN\c51.exe pca.c DB OE BR SMALL OPTIMIZE(11,SIZE) DEFINE(SILABS_PLATFORM_WMB912) DE
                    -FINE(SILABS_WMCU_SI106x)

line level    source

   1          /*! @file pca.c
   2           * @brief This file contains the interface functions of the programmable counter array (PCA).
   3           *
   4           * @b COPYRIGHT
   5           * @n Silicon Laboratories Confidential
   6           * @n Copyright 2012 Silicon Laboratories, Inc.
   7           * @n http://www.silabs.com
   8           */
   9          
  10          #include "..\bsp.h"
  11          
  12          #if !( (defined SILABS_MCU_F930) || (defined SILABS_MCU_F912) )
                #error Check implementation for given MCU!
              #endif
  15          
  16          /*------------------------------------------------------------------------*/
  17          /*                          Global variables                              */
  18          /*------------------------------------------------------------------------*/
  19          
  20          
  21          /*------------------------------------------------------------------------*/
  22          /*                          Function implementations                      */
  23          /*------------------------------------------------------------------------*/
  24          
  25          /*!
  26           * This function is used to start Timer 2 in the specified mode.
  27           *
  28           * @param[in] biPulseSelect       Selects time-base source of PCA counter (use predefined constants: bPca_
             -PcaCps_000_c etc.)
  29           * @param[in] biPcaTmrItEnable    Enables PCA timer IT if TRUE, disables it if FALSE
  30           * @param[in] biCycleLengthSelect PWM-mode cycle length select (use predefined constants: bPca_PwmClsel_00
             -_c etc.)
  31           *
  32           * @return  None.
  33           */
  34          void vPca_InitPcaTmr(U8 biPulseSelect, U8 biPcaTmrItEnable, U8 biCycleLengthSelect)
  35          {
  36   1        //setup timer
  37   1        PCA0MD = M_CIDL | (biPulseSelect & M_CPS);
  38   1        PCA0PWM = M_ARSEL | (biCycleLengthSelect & M_CLSEL);
  39   1      
  40   1        //enable IT if needed
  41   1        if(biPcaTmrItEnable)
  42   1        {
  43   2          mPca_EnablePcaTmrIt();
  44   2        }
  45   1        else
  46   1        {
  47   2          mPca_DisablePcaTmrIt();
  48   2        }
  49   1      }


MODULE INFORMATION:   STATIC OVERLAYABLE
C51 COMPILER V9.56.0.0   PCA                                                               07/20/2018 15:28:22 PAGE 2   

   CODE SIZE        =     29    ----
   CONSTANT SIZE    =   ----    ----
   XDATA SIZE       =   ----    ----
   PDATA SIZE       =   ----    ----
   DATA SIZE        =   ----    ----
   IDATA SIZE       =   ----    ----
   BIT SIZE         =   ----    ----
END OF MODULE INFORMATION.


C51 COMPILATION COMPLETE.  0 WARNING(S),  0 ERROR(S)
