A51 MACRO ASSEMBLER  STARTUP                                                              07/20/2018 15:28:25 PAGE     1


MACRO ASSEMBLER A51 V8.2.5.0
OBJECT MODULE PLACED IN STARTUP.OBJ
ASSEMBLER INVOKED BY: C:\Keil_v5\C51\BIN\A51.EXE STARTUP.A51 XR GEN DB EP NOMOD51

LOC  OBJ            LINE     SOURCE

                       1     $nomod51 

                       2     ;------------------------------------------------------------------------------

                       3     ;  This file is part of the C51 Compiler package

                       4     ;  Copyright (c) 1988-2005 Keil Elektronik GmbH and Keil Software, Inc.

                       5     ;  Version 8.01

                       6     ;

                       7     ;  *** <<< Use Configuration Wizard in Context Menu >>> ***

                       8     ;------------------------------------------------------------------------------

                       9     ;  STARTUP.A51:  This code is executed after processor reset.

                      10     ;

                      11     ;  To translate this file use A51 with the following invocation:

                      12     ;

                      13     ;     A51 STARTUP.A51

                      14     ;

                      15     ;  To link the modified STARTUP.OBJ file to your application use the following

                      16     ;  Lx51 invocation:

                      17     ;

                      18     ;     Lx51 your object file list, STARTUP.OBJ  controls

                      19     ;

                      20     ;------------------------------------------------------------------------------

                      21     ;

                      22     ;  User-defined <h> Power-On Initialization of Memory

                      23     ;

                      24     ;  With the following EQU statements the initialization of memory

                      25     ;  at processor reset can be defined:

                      26     ;

                      27     ; <o> IDATALEN: IDATA memory size <0x0-0x100>

                      28     ;     <i> Note: The absolute start-address of IDATA memory is always 0

                      29     ;     <i>       The IDATA space overlaps physically the DATA and BIT areas.

  0080                30     IDATALEN        EQU     80H

                      31     ;

                      32     ; <o> XDATASTART: XDATA memory start address <0x0-0xFFFF> 

                      33     ;     <i> The absolute start address of XDATA memory

  0000                34     XDATASTART      EQU     0     

                      35     ;

                      36     ; <o> XDATALEN: XDATA memory size <0x0-0xFFFF> 

                      37     ;     <i> The length of XDATA memory in bytes.

  0FFF                38     XDATALEN        EQU     0FFFH      

                      39     ;

                      40     ; <o> PDATASTART: PDATA memory start address <0x0-0xFFFF> 

                      41     ;     <i> The absolute start address of PDATA memory

  0000                42     PDATASTART      EQU     0H

                      43     ;

                      44     ; <o> PDATALEN: PDATA memory size <0x0-0xFF> 

                      45     ;     <i> The length of PDATA memory in bytes.

  0000                46     PDATALEN        EQU     0H

                      47     ;

                      48     ;</h>

                      49     ;------------------------------------------------------------------------------

                      50     ;

                      51     ;<h> Reentrant Stack Initialization

                      52     ;

                      53     ;  The following EQU statements define the stack pointer for reentrant

                      54     ;  functions and initialized it:

                      55     ;

                      56     ; <h> Stack Space for reentrant functions in the SMALL model.

                      57     ;  <q> IBPSTACK: Enable SMALL model reentrant stack

                      58     ;     <i> Stack space for reentrant functions in the SMALL model.

A51 MACRO ASSEMBLER  STARTUP                                                              07/20/2018 15:28:25 PAGE     2

  0000                59     IBPSTACK        EQU     0       ; set to 1 if small reentrant is used.

                      60     ;  <o> IBPSTACKTOP: End address of SMALL model stack <0x0-0xFF>

                      61     ;     <i> Set the top of the stack to the highest location.

  0100                62     IBPSTACKTOP     EQU     0xFF +1     ; default 0FFH+1  

                      63     ; </h>

                      64     ;

                      65     ; <h> Stack Space for reentrant functions in the LARGE model.      

                      66     ;  <q> XBPSTACK: Enable LARGE model reentrant stack

                      67     ;     <i> Stack space for reentrant functions in the LARGE model.

  0000                68     XBPSTACK        EQU     0       ; set to 1 if large reentrant is used.

                      69     ;  <o> XBPSTACKTOP: End address of LARGE model stack <0x0-0xFFFF>

                      70     ;     <i> Set the top of the stack to the highest location.

  0000                71     XBPSTACKTOP     EQU     0xFFFF +1   ; default 0FFFFH+1 

                      72     ; </h>

                      73     ;

                      74     ; <h> Stack Space for reentrant functions in the COMPACT model.    

                      75     ;  <q> PBPSTACK: Enable COMPACT model reentrant stack

                      76     ;     <i> Stack space for reentrant functions in the COMPACT model.

  0000                77     PBPSTACK        EQU     0       ; set to 1 if compact reentrant is used.

                      78     ;

                      79     ;   <o> PBPSTACKTOP: End address of COMPACT model stack <0x0-0xFFFF>

                      80     ;     <i> Set the top of the stack to the highest location.

  0100                81     PBPSTACKTOP     EQU     0xFF +1     ; default 0FFH+1  

                      82     ; </h>

                      83     ;</h>

                      84     ;------------------------------------------------------------------------------

                      85     ;

                      86     ;  Memory Page for Using the Compact Model with 64 KByte xdata RAM

                      87     ;  <e>Compact Model Page Definition

                      88     ;

                      89     ;  <i>Define the XDATA page used for PDATA variables. 

                      90     ;  <i>PPAGE must conform with the PPAGE set in the linker invocation.

                      91     ;

                      92     ; Enable pdata memory page initalization

  0000                93     PPAGEENABLE     EQU     0       ; set to 1 if pdata object are used.

                      94     ;

                      95     ; <o> PPAGE number <0x0-0xFF> 

                      96     ; <i> uppermost 256-byte address of the page used for PDATA variables.

  0000                97     PPAGE           EQU     0

                      98     ;

                      99     ; <o> SFR address which supplies uppermost address byte <0x0-0xFF> 

                     100     ; <i> most 8051 variants use P2 as uppermost address byte

  00A0               101     PPAGE_SFR       DATA    0A0H

                     102     ;

                     103     ; </e>

                     104     ;------------------------------------------------------------------------------

                     105     

                     106     ; Standard SFR Symbols 

  00E0               107     ACC     DATA    0E0H

  00F0               108     B       DATA    0F0H

  0081               109     SP      DATA    81H

  0082               110     DPL     DATA    82H

  0083               111     DPH     DATA    83H

  00D9               112     PCA0MD  DATA            0D9H

                     113     

                     114                     NAME    ?C_STARTUP

                     115     

                     116     

                     117     ?C_C51STARTUP   SEGMENT   CODE

                     118     ?STACK          SEGMENT   IDATA

                     119     

----                 120                     RSEG    ?STACK

0000                 121                     DS      1

                     122     

                     123                     EXTRN CODE (?C_START)

                     124                     PUBLIC  ?C_STARTUP

A51 MACRO ASSEMBLER  STARTUP                                                              07/20/2018 15:28:25 PAGE     3

                     125     

----                 126                     CSEG    AT      0

0000 020000   F      127     ?C_STARTUP:     LJMP    STARTUP1

                     128     

----                 129                     RSEG    ?C_C51STARTUP

                     130     

0000                 131     STARTUP1:

                     132     ;Disable the Watch Dog Timer

0000 75D900          133     WDT_DISABLE:            MOV PCA0MD, #0

                     134     

                     135     IF IDATALEN <> 0

0003 787F            136                     MOV     R0,#IDATALEN - 1

0005 E4              137                     CLR     A

0006 F6              138     IDATALOOP:      MOV     @R0,A

0007 D8FD            139                     DJNZ    R0,IDATALOOP

                     140     ENDIF

                     141     

                     142     IF XDATALEN <> 0

0009 900000          143                     MOV     DPTR,#XDATASTART

000C 7FFF            144                     MOV     R7,#LOW (XDATALEN)

                     145       IF (LOW (XDATALEN)) <> 0

000E 7E10            146                     MOV     R6,#(HIGH (XDATALEN)) +1

                     147       ELSE

                                             MOV     R6,#HIGH (XDATALEN)

                               ENDIF

0010 E4              150                     CLR     A

0011 F0              151     XDATALOOP:      MOVX    @DPTR,A

0012 A3              152                     INC     DPTR

0013 DFFC            153                     DJNZ    R7,XDATALOOP

0015 DEFA            154                     DJNZ    R6,XDATALOOP

                     155     ENDIF

                     156     

                     157     IF PPAGEENABLE <> 0

                                             MOV     PPAGE_SFR,#PPAGE

                             ENDIF

                     160     

                     161     IF PDATALEN <> 0

                                             MOV     R0,#LOW (PDATASTART)

                                             MOV     R7,#LOW (PDATALEN)

                                             CLR     A

                             PDATALOOP:      MOVX    @R0,A

                                             INC     R0

                                             DJNZ    R7,PDATALOOP

                             ENDIF

                     169     

                     170     IF IBPSTACK <> 0

                             EXTRN DATA (?C_IBP)

                             

                                             MOV     ?C_IBP,#LOW IBPSTACKTOP

                             ENDIF

                     175     

                     176     IF XBPSTACK <> 0

                             EXTRN DATA (?C_XBP)

                             

                                             MOV     ?C_XBP,#HIGH XBPSTACKTOP

                                             MOV     ?C_XBP+1,#LOW XBPSTACKTOP

                             ENDIF

                     182     

                     183     IF PBPSTACK <> 0

                             EXTRN DATA (?C_PBP)

                                             MOV     ?C_PBP,#LOW PBPSTACKTOP

                             ENDIF

                     187     

0017 758100   F      188                     MOV     SP,#?STACK-1

                     189     

                     190     ; This code is required if you use L51_BANK.A51 with Banking Mode 4

A51 MACRO ASSEMBLER  STARTUP                                                              07/20/2018 15:28:25 PAGE     4

                     191     ;<h> Code Banking

                     192     ; <q> Select Bank 0 for L51_BANK.A51 Mode 4

                     193     

                             

                             

                                             

                             

                     198     ;</h>

001A 020000   F      199                     LJMP    ?C_START

                     200     

                     201                     END

A51 MACRO ASSEMBLER  STARTUP                                                              07/20/2018 15:28:25 PAGE     5

XREF SYMBOL TABLE LISTING
---- ------ ----- -------


N A M E             T Y P E  V A L U E   ATTRIBUTES / REFERENCES

?C_C51STARTUP. . .  C SEG    001DH       REL=UNIT   117# 129
?C_START . . . . .  C ADDR   -----       EXT   123# 199
?C_STARTUP . . . .  C ADDR   0000H   A      114 124 127#
?STACK . . . . . .  I SEG    0001H       REL=UNIT   118# 120 188
ACC. . . . . . . .  D ADDR   00E0H   A      107#
B. . . . . . . . .  D ADDR   00F0H   A      108#
DPH. . . . . . . .  D ADDR   0083H   A      111#
DPL. . . . . . . .  D ADDR   0082H   A      110#
IBPSTACK . . . . .  N NUMB   0000H   A      59# 170
IBPSTACKTOP. . . .  N NUMB   0100H   A      62#
IDATALEN . . . . .  N NUMB   0080H   A      30# 135 136
IDATALOOP. . . . .  C ADDR   0006H   R   SEG=?C_C51STARTUP   138# 139
PBPSTACK . . . . .  N NUMB   0000H   A      77# 183
PBPSTACKTOP. . . .  N NUMB   0100H   A      81#
PCA0MD . . . . . .  D ADDR   00D9H   A      112# 133
PDATALEN . . . . .  N NUMB   0000H   A      46# 161
PDATASTART . . . .  N NUMB   0000H   A      42#
PPAGE. . . . . . .  N NUMB   0000H   A      97#
PPAGEENABLE. . . .  N NUMB   0000H   A      93# 157
PPAGE_SFR. . . . .  D ADDR   00A0H   A      101#
SP . . . . . . . .  D ADDR   0081H   A      109# 188
STARTUP1 . . . . .  C ADDR   0000H   R   SEG=?C_C51STARTUP   127 131#
WDT_DISABLE. . . .  C ADDR   0000H   R   SEG=?C_C51STARTUP   133#
XBPSTACK . . . . .  N NUMB   0000H   A      68# 176
XBPSTACKTOP. . . .  N NUMB   0000H   A      71#
XDATALEN . . . . .  N NUMB   0FFFH   A      38# 142 144 145 146
XDATALOOP. . . . .  C ADDR   0011H   R   SEG=?C_C51STARTUP   151# 153 154
XDATASTART . . . .  N NUMB   0000H   A      34# 143


REGISTER BANK(S) USED: 0 


ASSEMBLY COMPLETE.  0 WARNING(S), 0 ERROR(S)
