C51 COMPILER V9.56.0.0   UART                                                              07/20/2018 15:28:23 PAGE 1   


C51 COMPILER V9.56.0.0, COMPILATION OF MODULE UART
OBJECT MODULE PLACED IN uart.OBJ
COMPILER INVOKED BY: C:\Keil_v5\C51\BIN\c51.exe uart.c DB OE BR SMALL OPTIMIZE(11,SIZE) DEFINE(SILABS_PLATFORM_WMB912) D
                    -EFINE(SILABS_WMCU_SI106x)

line level    source

   1          /**
   2           *  Copyright 2008 Silicon Laboratories, Inc.
   3           *  http://www.silabs.com
   4           *
   5           *  @file uart.c
   6           *  
   7           *  Source File Description:
   8           *  @brief TODO
   9           *
  10           *  Project Name: EZRADIO SI4X55 EXAMPLES
  11           * 
  12           * 
  13           *  @author Sz. Papp
  14           *
  15           *  @date 2012.08.10.
  16           *
  17           *
  18           *  THE SOFTWARE IS PROVIDED "AS IS", WITHOUT WARRANTY OF ANY KIND, EXPRESS OR IMPLIED, INCLUDING
  19           *  BUT NOT LIMITED TO THE WARRANTIES OF MERCHANTABILITY, FITNESS FOR A PARTICULAR PURPOSE AND
  20           *  NONINFRINGEMENT. IN NO EVENT SHALL THE AUTHORS OR COPYRIGHT HOLDERS BE LIABLE FOR ANY CLAIM,
  21           *  DAMAGES OR OTHER LIABILITY, WHETHER IN AN ACTION OF CONTRACT, TORT OR OTHERWISE, ARISING FROM,
  22           *  OUT OF OR IN CONNECTION WITH THE SOFTWARE OR THE USE OR OTHER DEALINGS IN THE SOFTWARE.
  23           *
  24           *  This software must be used in accordance with the End User License Agreement.
  25           */
  26          
  27          /*****************************************************************************
  28           *  Includes
  29           *****************************************************************************/
  30          #include "..\bsp.h"
  31          
  32          /*****************************************************************************
  33           *  Local variable Declarations
  34           *****************************************************************************/
  35          #ifdef UART_DRIVER_EXTENDED_SUPPORT
                volatile SEGMENT_VARIABLE(lUartInternal, tUartData, SEG_XDATA);
              #endif
  38          
  39          /*****************************************************************************
  40           *  Local Functions Definition
  41           *****************************************************************************/
  42          
  43          /**
  44           *  Simple UART receive function.
  45           *
  46           * @param[out] byte
  47           *
  48           * @return
  49           *
  50           ******************************************************************************/
  51          U8 Comm_IF_RecvUART(U8 * byte)
  52          {
  53   1      #ifdef UART_DRIVER_EXTENDED_SUPPORT
                if (lUartInternal.RXReadPosition != lUartInternal.RXWritePosition)
C51 COMPILER V9.56.0.0   UART                                                              07/20/2018 15:28:23 PAGE 2   

                {
                  *byte = lUartInternal.RXBuffer[lUartInternal.RXReadPosition++];
              
                  if (lUartInternal.RXReadPosition >= COMM_IF_UART_RX_BUFFER)
                  {
                    lUartInternal.RXReadPosition = 0u;
                  }
              
                  return TRUE;
                }
              
                return FALSE;
              #else
  68   1        while (!RI0)  ;  /* Wait for RX */
  69   1        RI0 = 0;
  70   1        *byte = SBUF0;
  71   1      
  72   1        return TRUE;
  73   1      #endif
  74   1      }
  75          
  76          /**
  77           *  Simple UART send function.
  78           *
  79           * @param byte
  80           *
  81           * @return
  82           *
  83           ******************************************************************************/
  84          U8 Comm_IF_SendUART(U8 byte)
  85          {
  86   1      #ifdef UART_DRIVER_EXTENDED_SUPPORT
                /* Check if buffer is full */
                if ((lUartInternal.TXReadPosition == lUartInternal.TXWritePosition) && (FALSE == lUartInternal.TXBufferE
             -mpty))
                {
                  return FALSE;
                }
              
                /* Write input data byte into buffer */
                lUartInternal.TXBuffer[lUartInternal.TXWritePosition++] = byte;
              
                /* Increment pointer */
                if (lUartInternal.TXWritePosition >= COMM_IF_UART_TX_BUFFER)
                {
                  lUartInternal.TXWritePosition = 0u;
                }
              
                if (TRUE == lUartInternal.TXBufferEmpty)
                {
                  SBUF0 = byte;
                }
              
                lUartInternal.TXBufferEmpty = FALSE;
              #else
 109   1        SBUF0 = byte;
 110   1        while (!TI0)  ; /* Wait until TX */
 111   1        TI0 = 0;
 112   1      #endif
 113   1      
 114   1        return TRUE;
 115   1      }
C51 COMPILER V9.56.0.0   UART                                                              07/20/2018 15:28:23 PAGE 3   

 116          
 117          /**
 118           *  Enable and set the UART0 peripheral.
 119           *
 120           *  @author Sz. Papp
 121           *
 122           *  @note
 123           *
 124           ******************************************************************************/
 125          void Comm_IF_EnableUART()
 126          {
 127   1        /* Enable UART0 in Crossbar */
 128   1        XBR0 |= 0x01;
 129   1      
 130   1        /* Timer1 Init for UART baud rate */
 131   1        /* the default baud rate is 115200bps */
 132   1        Set115200bps_24MHZ5;
 133   1        TR1   = 1;                /* START Timer1 */
 134   1        TI0   = 1;                /* Transciever ready */
 135   1      
 136   1        /* UART init */
 137   1        SCON0 = 0x10;
 138   1      
 139   1      #ifdef UART_DRIVER_EXTENDED_SUPPORT
                /* Enable UART0 IT */
                ES0   = TRUE;
              
                lUartInternal.TXBufferEmpty = TRUE;
              #endif
 145   1      }
 146          
 147          #ifdef UART_DRIVER_EXTENDED_SUPPORT
              /**
               *  Interrupt handler for UART0 peripheral.
               *
               *  @author Sz. Papp
               *
               *  @note   Receive Overrun may occur as it not protected against it yet.
               *
               *****************************************************************************/
              INTERRUPT(UART_ISR, INTERRUPT_UART0)
              {
                if (TI0)
                {
                  /* Transmit Interrupt */
                  TI0 = FALSE;
              
                  lUartInternal.TXReadPosition++;
                  if (lUartInternal.TXReadPosition >= COMM_IF_UART_TX_BUFFER)
                  {
                    lUartInternal.TXReadPosition = 0u;
                  }
              
                  if (lUartInternal.TXReadPosition == lUartInternal.TXWritePosition)
                  {
                    lUartInternal.TXBufferEmpty = TRUE;
                  }
                  else
                  {
                    SBUF0 = lUartInternal.TXBuffer[lUartInternal.TXReadPosition];
                  }
                }
C51 COMPILER V9.56.0.0   UART                                                              07/20/2018 15:28:23 PAGE 4   

              
                if (RI0)
                {
                  /* Receive Interrupt */
                  RI0 = FALSE;
              
                  lUartInternal.RXBuffer[lUartInternal.RXWritePosition++] = SBUF0;
              
                  if (lUartInternal.RXWritePosition >= COMM_IF_UART_RX_BUFFER)
                  {
                    lUartInternal.RXWritePosition = 0u;
                  }
                }
              }
              #endif


MODULE INFORMATION:   STATIC OVERLAYABLE
   CODE SIZE        =     49    ----
   CONSTANT SIZE    =   ----    ----
   XDATA SIZE       =   ----    ----
   PDATA SIZE       =   ----    ----
   DATA SIZE        =   ----    ----
   IDATA SIZE       =   ----    ----
   BIT SIZE         =   ----    ----
END OF MODULE INFORMATION.


C51 COMPILATION COMPLETE.  0 WARNING(S),  0 ERROR(S)
