
LX51 LINKER/LOCATER V4.66.30.0 - SN: K1JMC-2V1J9C
COPYRIGHT ARM Germany GmbH 1995 - 2014
"@D:\Upwork History\2018\07\20180525_SILAB\New folder\Si4x55_StandardPacketRX\out\cyglink.txt" "D:\Upwork History\2018\07\20180525_SILAB\New folder\Si4x55_StandardPacketRX\src\drivers\STARTUP.obj",
"D:\Upwork History\2018\07\20180525_SILAB\New folder\Si4x55_StandardPacketRX\src\application\isr.obj",
"D:\Upwork History\2018\07\20180525_SILAB\New folder\Si4x55_StandardPacketRX\src\application\main.obj",
"D:\Upwork History\2018\07\20180525_SILAB\New folder\Si4x55_StandardPacketRX\src\drivers\control_IO.obj",
"D:\Upwork History\2018\07\20180525_SILAB\New folder\Si4x55_StandardPacketRX\src\drivers\hmi.obj",
"D:\Upwork History\2018\07\20180525_SILAB\New folder\Si4x55_StandardPacketRX\src\drivers\pca.obj",
"D:\Upwork History\2018\07\20180525_SILAB\New folder\Si4x55_StandardPacketRX\src\drivers\spi.obj",
"D:\Upwork History\2018\07\20180525_SILAB\New folder\Si4x55_StandardPacketRX\src\drivers\timer.obj",
"D:\Upwork History\2018\07\20180525_SILAB\New folder\Si4x55_StandardPacketRX\src\application\sample_code_func.obj",
"D:\Upwork History\2018\07\20180525_SILAB\New folder\Si4x55_StandardPacketRX\src\application\radio.obj",
"D:\Upwork History\2018\07\20180525_SILAB\New folder\Si4x55_StandardPacketRX\src\drivers\radio\radio_comm.obj",
"D:\Upwork History\2018\07\20180525_SILAB\New folder\Si4x55_StandardPacketRX\src\drivers\radio\radio_hal.obj",
"D:\Upwork History\2018\07\20180525_SILAB\New folder\Si4x55_StandardPacketRX\src\drivers\uart.obj",
"D:\Upwork History\2018\07\20180525_SILAB\New folder\Si4x55_StandardPacketRX\src\drivers\dog_glcd.obj",
"D:\Upwork History\2018\07\20180525_SILAB\New folder\Si4x55_StandardPacketRX\src\drivers\pictures.obj",
"D:\Upwork History\2018\07\20180525_SILAB\New folder\Si4x55_StandardPacketRX\src\drivers\ascii5x7.obj",
"D:\Upwork History\2018\07\20180525_SILAB\New folder\Si4x55_StandardPacketRX\src\drivers\radio\Si4455\si4455_api_lib.obj",
"D:\Upwork History\2018\07\20180525_SILAB\New folder\Si4x55_StandardPacketRX\src\drivers\smbus.obj"  TO "D:\Upwork History\2018\07\20180525_SILAB\New folder\Si4x55_StandardPacketRX\out\WMB912_Si106x_Si4x55_StandardPacketRX_Keil" CODE REMOVEUNUSED CLASSES(BIT(0x20.0-0x2F.7), DATA(D:0-D:0x7F), IDATA(I:0-I:0xFF), XDATA(X:0-X:0xFFF), CODE(C:0-C:0xFBFF), CONST(C:0-C:0xFBFF)) 

Program Size: data=47.0 xdata=144 const=0 code=5112
LX51 RUN COMPLETE.  0 WARNING(S),  0 ERROR(S)
