C51 COMPILER V9.56.0.0   ISR                                                               07/20/2018 15:28:21 PAGE 1   


C51 COMPILER V9.56.0.0, COMPILATION OF MODULE ISR
OBJECT MODULE PLACED IN isr.OBJ
COMPILER INVOKED BY: C:\Keil_v5\C51\BIN\c51.exe isr.c DB OE BR SMALL OPTIMIZE(11,SIZE) DEFINE(SILABS_PLATFORM_WMB912) DE
                    -FINE(SILABS_WMCU_SI106x)

line level    source

   1          /*! @file isr.c
   2           * @brief This file contains the interrupt functions of the application.
   3           *
   4           * @b COPYRIGHT
   5           * @n Silicon Laboratories Confidential
   6           * @n Copyright 2012 Silicon Laboratories, Inc.
   7           * @n http://www.silabs.com
   8           */
   9          
  10          
  11          #include "..\bsp.h"
  12          
  13          
  14          /*------------------------------------------------------------------------*/
  15          /*                          Global variables                              */
  16          /*------------------------------------------------------------------------*/
  17          
  18          volatile BIT wIsr_Timer2Tick; /**< Interrupt flag of a ms */
  19          
  20          
  21          /*------------------------------------------------------------------------*/
  22          /*                       Interrupt implementations                        */
  23          /*------------------------------------------------------------------------*/
  24          
  25          /*!
  26           * This function is the interrupt service routine of Timer 2.
  27           * Clears IT flag and sets ms flag.
  28           *
  29           * @return  None.
  30           */
  31          INTERRUPT(vIsr_Timer2Isr, INTERRUPT_TIMER2)
  32          {
  33   1        mTmr_ClearTmr2It();
  34   1        wIsr_Timer2Tick = TRUE;
  35   1      }
  36          
  37          
  38          /*!
  39           * This function is the interrupt service routine of PCA Timer.
  40           * Clears IT flag and reloads PWM duty cycle of the buzzer.
  41           *
  42           * @return  None.
  43           */
  44          INTERRUPT(vIsr_PcaTimerIsr, INTERRUPT_PCA0)
  45          {
  46   1      //  mPca_ClearPcaTmrIt();
  47   1        mPca_ClearPcaTmrCofIt();
  48   1      
  49   1      }


MODULE INFORMATION:   STATIC OVERLAYABLE
   CODE SIZE        =      9    ----
   CONSTANT SIZE    =   ----    ----
C51 COMPILER V9.56.0.0   ISR                                                               07/20/2018 15:28:21 PAGE 2   

   XDATA SIZE       =   ----    ----
   PDATA SIZE       =   ----    ----
   DATA SIZE        =   ----    ----
   IDATA SIZE       =   ----    ----
   BIT SIZE         =      1    ----
END OF MODULE INFORMATION.


C51 COMPILATION COMPLETE.  0 WARNING(S),  0 ERROR(S)
