C51 COMPILER V9.53.0.0   SAMPLE_CODE_FUNC                                                  07/02/2018 16:33:05 PAGE 1   


C51 COMPILER V9.53.0.0, COMPILATION OF MODULE SAMPLE_CODE_FUNC
OBJECT MODULE PLACED IN sample_code_func.OBJ
COMPILER INVOKED BY: C:\Keil_v5\C51\BIN\c51.exe sample_code_func.c DB OE BR SMALL OPTIMIZE(11,SIZE) DEFINE(SILABS_PLATFO
                    -RM_WMB912) DEFINE(SILABS_WMCU_SI106x)

line level    source

   1          /*! @file sample_code_func.c
   2           * @brief This file contains functions to manage behavior of basic human module interfaces (push-buttons, 
             -switches, LEDs).
   3           *
   4           * @b COPYRIGHT
   5           * @n Silicon Laboratories Confidential
   6           * @n Copyright 2012 Silicon Laboratories, Inc.
   7           * @n http://www.silabs.com
   8           */
   9          
  10          #include "..\bsp.h"
  11          
  12          
  13          /*------------------------------------------------------------------------*/
  14          /*                          Global variables                              */
  15          /*------------------------------------------------------------------------*/
  16          
  17          /*------------------------------------------------------------------------*/
  18          /*                          Function implementations                      */
  19          /*------------------------------------------------------------------------*/
  20          #if ((defined SILABS_PLATFORM_COMPONENT_PB) && (defined SILABS_PLATFORM_COMPONENT_LED) && (defined SILABS_
             -PLATFORM_COMPONENT_BUZZER))
  21            #ifdef HMI_DRIVER_EXTENDED_SUPPORT
  22              /*!
  23               * This function is used to show the actual state of the push-buttons on the Buzzer.
  24               *
  25               * @return  None.
  26               */
  27              void vSampleCode_ShowPbOnBuzzer(void)
  28              {
  29   1            SEGMENT_VARIABLE(boPbPushTrack, U8 , SEG_DATA);
  30   1            SEGMENT_VARIABLE(woPbPushTime, U16 , SEG_DATA);
  31   1            SEGMENT_VARIABLE(bPbLedCnt, U8 , SEG_DATA);
  32   1      
  33   1            gHmi_PbIsPushed(&boPbPushTrack, &woPbPushTime);
  34   1      
  35   1            for (bPbLedCnt = 1; bPbLedCnt <= 4; bPbLedCnt++)
  36   1            {
  37   2              if (boPbPushTrack)
  38   2              {
  39   3                vHmi_ChangeBuzzState(eHmi_BuzzOnce_c);
  40   3              }
  41   2              else
  42   2              {
  43   3                vHmi_ChangeBuzzState(eHmi_BuzzOff_c);
  44   3              }
  45   2            }
  46   1          }
  47            #endif
  48          #endif
  49          
  50          #if ((defined SILABS_PLATFORM_COMPONENT_PB) && (defined SILABS_PLATFORM_COMPONENT_LED))
  51          /*!
  52           * This function is used to compare the content of the received packet to a string.
C51 COMPILER V9.53.0.0   SAMPLE_CODE_FUNC                                                  07/02/2018 16:33:05 PAGE 2   

  53           *
  54           * @return  None.
  55           */
  56          BIT gSampleCode_StringCompare(U8* pbiPacketContent, U8* pbiString, U8 lenght)
  57          {
  58   1        while ((*pbiPacketContent++ == *pbiString++) && (lenght > 0u))
  59   1        {
  60   2          if( (--lenght) == 0u )
  61   2          {
  62   3            return TRUE;
  63   3          }
  64   2        }
  65   1      
  66   1        return FALSE;
  67   1      }
  68          #endif
  69          
  70          


MODULE INFORMATION:   STATIC OVERLAYABLE
   CODE SIZE        =     88    ----
   CONSTANT SIZE    =   ----    ----
   XDATA SIZE       =   ----    ----
   PDATA SIZE       =   ----    ----
   DATA SIZE        =   ----      11
   IDATA SIZE       =   ----    ----
   BIT SIZE         =   ----    ----
END OF MODULE INFORMATION.


C51 COMPILATION COMPLETE.  0 WARNING(S),  0 ERROR(S)
